2022-02-24 18:44:53,359 blarg | DEBUG | {"type": "udp", "dme_world_id": 13, "src": 1, "dst": 0, "data": "000132F5160000010000"}
2022-02-24 18:44:53,360 blarg | INFO | 1 | udp_0001_timer_update; time:1504562 unk1:00010000
2022-02-24 18:44:53,368 blarg | DEBUG | {"type": "tcp", "dme_world_id": 13, "src": 1, "dst": 0, "data": "021300000000"}
2022-02-24 18:44:53,445 blarg | DEBUG | {"type": "udp", "dme_world_id": 13, "src": 0, "dst": 1, "data": "00019CFA16000000FFFF"}
2022-02-24 18:44:53,445 blarg | INFO | 0 | udp_0001_timer_update; time:1505948 unk1:0000FFFF
2022-02-24 18:44:54,759 blarg | DEBUG | {"type": "tcp", "dme_world_id": 13, "src": 1, "dst": 0, "data": "021300000000"}
2022-02-24 18:44:56,041 blarg | DEBUG | {"type": "tcp", "dme_world_id": 13, "src": 1, "dst": 0, "data": "021300000000"}
2022-02-24 18:44:56,041 blarg | DEBUG | {"type": "tcp", "dme_world_id": 13, "src": 1, "dst": 0, "data": "021300000000"}
2022-02-24 18:44:56,383 blarg | DEBUG | {"type": "udp", "dme_world_id": 13, "src": 1, "dst": 0, "data": "0001EF00170000010000"}
2022-02-24 18:44:56,383 blarg | INFO | 1 | udp_0001_timer_update; time:1507567 unk1:00010000
2022-02-24 18:44:56,463 blarg | DEBUG | {"type": "udp", "dme_world_id": 13, "src": 0, "dst": 1, "data": "0001690617000000FFFF"}
2022-02-24 18:44:56,463 blarg | INFO | 0 | udp_0001_timer_update; time:1508969 unk1:0000FFFF
2022-02-24 18:44:57,204 blarg | DEBUG | {"type": "tcp", "dme_world_id": 13, "src": 1, "dst": 0, "data": "021300000000"}
2022-02-24 18:44:58,246 blarg | DEBUG | {"type": "udp", "dme_world_id": 13, "src": 0, "dst": 1, "data": "0001500D170002010000"}
2022-02-24 18:44:58,246 blarg | INFO | 0 | udp_0001_timer_update; time:1510736 unk1:02010000
2022-02-24 18:44:58,248 blarg | DEBUG | {"type": "tcp", "dme_world_id": 13, "src": 0, "dst": -1, "data": "00040000000002D300000100C6BF5C08170000000000744E575F506C61796572446174610041029A0F44D0C176435C924843000000000000000000000000D8EA14404B08170000000000000000000000000000000000000000000100000001000000000000000000000000000000D8EA14404B081700010000000100000000000000000000000000704100000000000000000000000000000000000000000000010000000000000001000000010000000000000000000000320000005F000000320000000100000F000000000000000001000000030000000000704100004141414141414141414141000000"}
2022-02-24 18:44:58,248 blarg | INFO | 0 | tcp_0004_tnw; tnw_type:tNW_PlayerData data:{'unk1': '0000000002D300000100C6BF5C08170000000000', 'unk2': '41029A0F44D0C176435C924843000000000000000000000000D8EA1440', 'player_start_time': 1509451, 'unk3': '00000000000000000000000000000000000000000100000001000000000000000000000000000000D8EA1440', 'player_start_time2': 1509451, 'unk4': '010000000100000000000000000000000000704100000000000000000000000000000000000000000000010000000000000001000000010000000000000000000000320000005F000000320000000100'}
2022-02-24 18:44:58,249 blarg | INFO | 0 | tcp_000F_playername_update; unk1:00000000 unk2:000000000100000003000000000070410000 username:AAAAAAAAAAA unk3:000000
2022-02-24 18:44:58,265 blarg | DEBUG | {"type": "tcp", "dme_world_id": 13, "src": 0, "dst": 1, "data": "0004000000000200000001001D005C08170000000000744E575F506C61796572446174610000029A0F44D0C176435C924843000000000000000000000000D8EA14404B08170000000000000000000000000000000000000000000100000001000000000000000000000000000000D8EA14404B081700010000000100000000000000000000000000704100000000000000000000000000000000000000000000010000000000000001000000010000000000000000000000320000005F000000320000000100"}
2022-02-24 18:44:58,266 blarg | INFO | 0 | tcp_0004_tnw; tnw_type:tNW_PlayerData data:{'unk1': '000000000200000001001D005C08170000000000', 'unk2': '00029A0F44D0C176435C924843000000000000000000000000D8EA1440', 'player_start_time': 1509451, 'unk3': '00000000000000000000000000000000000000000100000001000000000000000000000000000000D8EA1440', 'player_start_time2': 1509451, 'unk4': '010000000100000000000000000000000000704100000000000000000000000000000000000000000000010000000000000001000000010000000000000000000000320000005F000000320000000100'}
2022-02-24 18:44:59,403 blarg | DEBUG | {"type": "udp", "dme_world_id": 13, "src": 1, "dst": 0, "data": "0001C60717000200000000011D0D170000010000"}
2022-02-24 18:44:59,403 blarg | INFO | 1 | udp_0001_timer_update; time:1509318 unk1:02000000
2022-02-24 18:44:59,403 blarg | INFO | 1 | udp_0001_timer_update; time:1510685 unk1:00010000
2022-02-24 18:44:59,405 blarg | DEBUG | {"type": "tcp", "dme_world_id": 13, "src": 1, "dst": -1, "data": "00040100000002D301000300C6BFC607170000000000744E575F506C61796572446174610041083A424380EC8943D901484300000000000000000000000098F98B3EB6071700000000000000000000000000000000000000000050C300000100001000000000000000000000000098F98B3EB607170050C3000001000010000000000100000000007041000000000000000000000000000000000000010000000100000001000000010000000100000000000000000000003200000032000000320000000000000F010000000000000003000300030000000000704100004343434343434343434343000000"}
2022-02-24 18:44:59,406 blarg | INFO | 1 | tcp_0004_tnw; tnw_type:tNW_PlayerData data:{'unk1': '0100000002D301000300C6BFC607170000000000', 'unk2': '41083A424380EC8943D901484300000000000000000000000098F98B3E', 'player_start_time': 1509302, 'unk3': '000000000000000000000000000000000000000050C300000100001000000000000000000000000098F98B3E', 'player_start_time2': 1509302, 'unk4': '50C3000001000010000000000100000000007041000000000000000000000000000000000000010000000100000001000000010000000100000000000000000000003200000032000000320000000000'}
2022-02-24 18:44:59,406 blarg | INFO | 1 | tcp_000F_playername_update; unk1:01000000 unk2:000000000300030003000000000070410000 username:CCCCCCCCCCC unk3:000000
2022-02-24 18:44:59,406 blarg | DEBUG | {"type": "tcp", "dme_world_id": 13, "src": 1, "dst": 0, "data": "000401000000026E010003000000C607170000000000744E575F506C61796572446174610000083A424380EC8943D901484300000000000000000000000098F98B3EB6071700000000000000000000000000000000000000000050C300000100001000000000000000000000000098F98B3EB607170050C3000001000010000000000100000000007041000000000000000000000000000000000000010000000100000001000000010000000100000000000000000000003200000032000000320000000000"}
2022-02-24 18:44:59,406 blarg | INFO | 1 | tcp_0004_tnw; tnw_type:tNW_PlayerData data:{'unk1': '01000000026E010003000000C607170000000000', 'unk2': '00083A424380EC8943D901484300000000000000000000000098F98B3E', 'player_start_time': 1509302, 'unk3': '000000000000000000000000000000000000000050C300000100001000000000000000000000000098F98B3E', 'player_start_time2': 1509302, 'unk4': '50C3000001000010000000000100000000007041000000000000000000000000000000000000010000000100000001000000010000000100000000000000000000003200000032000000320000000000'}
2022-02-24 18:44:59,485 blarg | DEBUG | {"type": "udp", "dme_world_id": 13, "src": 0, "dst": 1, "data": "00013312170000000000"}
2022-02-24 18:44:59,485 blarg | INFO | 0 | udp_0001_timer_update; time:1511987 unk1:00000000
2022-02-24 18:45:00,267 blarg | DEBUG | {"type": "tcp", "dme_world_id": 13, "src": 1, "dst": 0, "data": "021300000000"}
2022-02-24 18:45:01,348 blarg | DEBUG | {"type": "udp", "dme_world_id": 13, "src": 0, "dst": 1, "data": "00010B19170002010000"}
2022-02-24 18:45:01,348 blarg | INFO | 0 | udp_0001_timer_update; time:1513739 unk1:02010000
2022-02-24 18:45:01,348 blarg | DEBUG | {"type": "tcp", "dme_world_id": 13, "src": 1, "dst": 0, "data": "021300000000"}
2022-02-24 18:45:01,734 blarg | DEBUG | {"type": "udp", "dme_world_id": 13, "src": 1, "dst": 0, "data": "0001211517000200FFFF"}
2022-02-24 18:45:01,734 blarg | INFO | 1 | udp_0001_timer_update; time:1512737 unk1:0200FFFF
2022-02-24 18:45:02,009 blarg | DEBUG | {"type": "tcp", "dme_world_id": 13, "src": 1, "dst": 0, "data": "0211000000000000080004B427000000000000B22700000000000000000000000000"}
2022-02-24 18:45:02,009 blarg | INFO | 1 | tcp_0211_player_lobby_state_change; unk1:00000000 team:blue skin:ratchet player_ready:unk, player in-game ready(?) username: unk2:0000000000000000000000
2022-02-24 18:45:02,080 blarg | DEBUG | {"type": "tcp", "dme_world_id": 13, "src": 1, "dst": 0, "data": "021300000000"}
2022-02-24 18:45:02,327 blarg | DEBUG | {"type": "tcp", "dme_world_id": 13, "src": 0, "dst": -1, "data": "0003010100000507000800000000000000000000000000"}
2022-02-24 18:45:02,327 blarg | INFO | 0 | tcp_0003_broadcast_lobby_state; data:{'unk1': '01', 'num_messages': 1, 'src': -1, 'msg0': {'type': 'ready/unready', 'p0': False, 'p1': False, 'p2': False, 'p3': False, 'p4': False, 'p5': False, 'p6': False, 'p7': False}}
2022-02-24 18:45:02,327 blarg | DEBUG | {"type": "tcp", "dme_world_id": 13, "src": 0, "dst": -1, "data": "00030101000007941E1700"}
2022-02-24 18:45:02,327 blarg | INFO | 0 | tcp_0003_broadcast_lobby_state; data:{'unk1': '01', 'num_messages': 1, 'src': -1, 'msg0': {'type': '07_unk', 'time': 1515156}}
2022-02-24 18:45:02,327 blarg | DEBUG | {"type": "tcp", "dme_world_id": 13, "src": 0, "dst": -1, "data": "0003010100000508000800000000000000000000000000"}
2022-02-24 18:45:02,327 blarg | INFO | 0 | tcp_0003_broadcast_lobby_state; data:{'unk1': '01', 'num_messages': 1, 'src': -1, 'msg0': {'type': 'ready/unready', 'p0': False, 'p1': False, 'p2': False, 'p3': False, 'p4': False, 'p5': False, 'p6': False, 'p7': False}}
2022-02-24 18:45:02,374 blarg | DEBUG | {"type": "udp", "dme_world_id": 13, "src": 1, "dst": 0, "data": "0001D818170000010000"}
2022-02-24 18:45:02,374 blarg | INFO | 1 | udp_0001_timer_update; time:1513688 unk1:00010000
2022-02-24 18:45:02,449 blarg | DEBUG | {"type": "udp", "dme_world_id": 13, "src": 0, "dst": 1, "data": "0001CD1D17000000FFFF"}
2022-02-24 18:45:02,449 blarg | INFO | 0 | udp_0001_timer_update; time:1514957 unk1:0000FFFF
